
/home/runner/work/exp-dynamic-kinematic-viscosity-iitb/exp-dynamic-kinematic-viscosity-iitb/experiment/simulation/common_libraries/js/ts_components/collapse_step.js
   1:10  warning  'show_step' is defined but never used                 no-unused-vars
   2:5   warning  '$' is not defined                                    no-undef
   3:9   warning  '$' is not defined                                    no-undef
   6:10  warning  'hide_step' is defined but never used                 no-unused-vars
   7:5   warning  '$' is not defined                                    no-undef
   8:9   warning  '$' is not defined                                    no-undef
  11:10  warning  'get_collapse_btn_text' is defined but never used     no-unused-vars
  20:10  warning  'get_collapse_btn_element' is defined but never used  no-unused-vars
  29:10  warning  'hide_all_steps' is defined but never used            no-unused-vars
  31:9   warning  '$' is not defined                                    no-undef

/home/runner/work/exp-dynamic-kinematic-viscosity-iitb/exp-dynamic-kinematic-viscosity-iitb/experiment/simulation/common_libraries/js/ts_components/matrix.js
   27:26  warning  'MathJax' is not defined                                no-undef
   32:7   warning  'Matrix_Without_String' is defined but never used       no-unused-vars
   52:26  warning  'MathJax' is not defined                                no-undef
   56:10  warning  'get_matrix_html' is defined but never used             no-unused-vars
   87:13  warning  'row_html' is assigned a value but never used           no-unused-vars
   99:10  warning  'get_matrix_html_with_title' is defined but never used  no-unused-vars
  131:13  warning  'row_html' is assigned a value but never used           no-unused-vars
  143:10  warning  'convert_2d_to_1d_vector' is defined but never used     no-unused-vars
  156:10  warning  'convert_1d_to_2d_matrix' is defined but never used     no-unused-vars

/home/runner/work/exp-dynamic-kinematic-viscosity-iitb/exp-dynamic-kinematic-viscosity-iitb/experiment/simulation/common_libraries/js/ts_components/pannel.js
  8:7  warning  'Pannel' is defined but never used  no-unused-vars

/home/runner/work/exp-dynamic-kinematic-viscosity-iitb/exp-dynamic-kinematic-viscosity-iitb/experiment/simulation/common_libraries/js/ts_components/questions.js
   6:17  warning  'op1' is assigned a value but never used      no-unused-vars
   7:17  warning  'op2' is assigned a value but never used      no-unused-vars
   8:17  warning  'op3' is assigned a value but never used      no-unused-vars
   9:17  warning  'op4' is assigned a value but never used      no-unused-vars
  94:7   warning  'Question_Options' is defined but never used  no-unused-vars

/home/runner/work/exp-dynamic-kinematic-viscosity-iitb/exp-dynamic-kinematic-viscosity-iitb/experiment/simulation/common_libraries/js/ts_components/tables.js
   19:22  warning  'verify_values' is not defined                                     no-undef
  137:22  warning  'verify_values' is not defined                                     no-undef
  260:7   warning  'Verify_Rows_Cols_6_decimal_places' is defined but never used      no-unused-vars
  311:22  warning  'verify_values' is not defined                                     no-undef
  416:7   warning  'Verify_Rows_Cols_Custom_Fixed_Update1' is defined but never used  no-unused-vars
  468:7   warning  'Show_Table_Custom_Fixed' is defined but never used                no-unused-vars
  506:7   warning  'Verify_Rows_Cols_Strings' is defined but never used               no-unused-vars
  527:22  warning  'verify_values' is not defined                                     no-undef
  663:7   warning  'Display_Table' is defined but never used                          no-unused-vars

/home/runner/work/exp-dynamic-kinematic-viscosity-iitb/exp-dynamic-kinematic-viscosity-iitb/experiment/simulation/common_libraries/js/ts_math_library/general_math_functions.js
    1:10  warning  'verify_values' is defined but never used                   no-unused-vars
   17:10  warning  'random1' is defined but never used                         no-unused-vars
   21:10  warning  'std_deviation' is defined but never used                   no-unused-vars
   26:10  warning  'gauss' is defined but never used                           no-unused-vars
   56:10  warning  'hide_panel' is defined but never used                      no-unused-vars
   63:10  warning  'inverse_matrix' is defined but never used                  no-unused-vars
   96:10  warning  'matrix_multiplication' is defined but never used           no-unused-vars
  113:10  warning  'transpose_matrix' is defined but never used                no-unused-vars
  123:10  warning  'matrix_multiplication_8decimal' is defined but never used  no-unused-vars
  140:10  warning  'adjoint_2x2_matrix' is defined but never used              no-unused-vars
  145:10  warning  'find_deteminant' is defined but never used                 no-unused-vars
  174:10  warning  'get_Submatrix' is defined but never used                   no-unused-vars

/home/runner/work/exp-dynamic-kinematic-viscosity-iitb/exp-dynamic-kinematic-viscosity-iitb/experiment/simulation/common_libraries/js/ts_math_library/regression.js
   1:10  warning  'regression_linear' is defined but never used            no-unused-vars
  18:10  warning  'regression_linear_1variable' is defined but never used  no-unused-vars
  27:10  warning  'regression_linear_2variable' is defined but never used  no-unused-vars
  52:11  warning  'gauss' is not defined                                   no-undef

/home/runner/work/exp-dynamic-kinematic-viscosity-iitb/exp-dynamic-kinematic-viscosity-iitb/experiment/simulation/common_libraries/math.ob.js
  1:745  warning  'b' is already defined  no-redeclare

/home/runner/work/exp-dynamic-kinematic-viscosity-iitb/exp-dynamic-kinematic-viscosity-iitb/experiment/simulation/js/activity1.js
   14:9   warning  'MathJax' is not defined                                      no-undef
   18:10  warning  'start_act1' is defined but never used                        no-unused-vars
   23:20  warning  'get_collapse_btn_text' is not defined                        no-undef
   40:32  warning  'dyn_vis' is not defined                                      no-undef
   44:66  warning  'dens' is not defined                                         no-undef
   79:5   warning  'hide_all_steps' is not defined                               no-undef
   81:9   warning  'MathJax' is not defined                                      no-undef
   84:9   warning  'show_step' is not defined                                    no-undef
   88:5   warning  'dyn_vis' is not defined                                      no-undef
   89:5   warning  'dens' is not defined                                         no-undef
   90:5   warning  'du_0' is not defined                                         no-undef
   91:5   warning  'du_025' is not defined                                       no-undef
   92:5   warning  'vis_nsm2' is not defined                                     no-undef
   93:5   warning  'sh_st0' is not defined                                       no-undef
   94:5   warning  'sh_st025' is not defined                                     no-undef
   95:5   warning  'kin_vis' is not defined                                      no-undef
   96:5   warning  'kin_vis_stoke' is not defined                                no-undef
   97:5   warning  'dyn_vis' is not defined                                      no-undef
   97:26  warning  'random' is not defined                                       no-undef
   98:5   warning  'dens' is not defined                                         no-undef
   98:12  warning  'random1' is not defined                                      no-undef
   99:5   warning  'du_0' is not defined                                         no-undef
  100:5   warning  'du_025' is not defined                                       no-undef
  101:5   warning  'vis_nsm2' is not defined                                     no-undef
  101:27  warning  'dyn_vis' is not defined                                      no-undef
  102:5   warning  'sh_st0' is not defined                                       no-undef
  102:14  warning  'vis_nsm2' is not defined                                     no-undef
  102:25  warning  'du_0' is not defined                                         no-undef
  103:5   warning  'sh_st025' is not defined                                     no-undef
  103:16  warning  'vis_nsm2' is not defined                                     no-undef
  103:27  warning  'du_025' is not defined                                       no-undef
  104:5   warning  'kin_vis' is not defined                                      no-undef
  104:15  warning  'dyn_vis' is not defined                                      no-undef
  104:25  warning  'dens' is not defined                                         no-undef
  105:5   warning  'kin_vis_stoke' is not defined                                no-undef
  105:21  warning  'kin_vis' is not defined                                      no-undef
  107:10  warning  'verify_du' is defined but never used                         no-unused-vars
  113:17  warning  'du_0' is not defined                                         no-undef
  113:23  warning  'du_025' is not defined                                       no-undef
  126:10  warning  'verify_values' is not defined                                no-undef
  144:10  warning  'verify_values' is not defined                                no-undef
  144:52  warning  'du_0' is not defined                                         no-undef
  153:10  warning  'verify_values' is not defined                                no-undef
  153:54  warning  'du_025' is not defined                                       no-undef
  174:67  warning  'du_0' is not defined                                         no-undef
  179:70  warning  'du_025' is not defined                                       no-undef
  187:9   warning  'MathJax' is not defined                                      no-undef
  190:10  warning  'load_viscosity_in_nsm' is defined but never used             no-unused-vars
  213:9   warning  'MathJax' is not defined                                      no-undef
  216:10  warning  'verify_vis_nsm' is defined but never used                    no-unused-vars
  218:17  warning  'vis_nsm2' is not defined                                     no-undef
  219:10  warning  'verify_values' is not defined                                no-undef
  219:51  warning  'vis_nsm2' is not defined                                     no-undef
  233:56  warning  'vis_nsm2' is not defined                                     no-undef
  239:10  warning  'load_shear_stress_div' is defined but never used             no-unused-vars
  251:32  warning  Unnecessary escape character: \μ                              no-useless-escape
  251:35  warning  Unnecessary escape character: \×                              no-useless-escape
  262:35  warning  Unnecessary escape character: \μ                              no-useless-escape
  262:38  warning  Unnecessary escape character: \×                              no-useless-escape
  273:9   warning  'MathJax' is not defined                                      no-undef
  276:10  warning  'verify_shear_stress' is defined but never used               no-unused-vars
  279:17  warning  'sh_st0' is not defined                                       no-undef
  279:25  warning  'sh_st025' is not defined                                     no-undef
  280:10  warning  'verify_values' is not defined                                no-undef
  280:51  warning  'sh_st0' is not defined                                       no-undef
  289:10  warning  'verify_values' is not defined                                no-undef
  289:53  warning  'sh_st025' is not defined                                     no-undef
  307:29  warning  Unnecessary escape character: \μ                              no-useless-escape
  307:32  warning  Unnecessary escape character: \×                              no-useless-escape
  307:86  warning  'sh_st0' is not defined                                       no-undef
  315:32  warning  Unnecessary escape character: \μ                              no-useless-escape
  315:35  warning  Unnecessary escape character: \×                              no-useless-escape
  315:92  warning  'sh_st025' is not defined                                     no-undef
  322:9   warning  'MathJax' is not defined                                      no-undef
  325:10  warning  'load_kinematic_viscosity' is defined but never used          no-unused-vars
  339:16  warning  Unnecessary escape character: \ν                              no-useless-escape
  349:9   warning  'MathJax' is not defined                                      no-undef
  352:10  warning  'verify_kinematic_viscosity' is defined but never used        no-unused-vars
  354:17  warning  'kin_vis' is not defined                                      no-undef
  355:10  warning  'verify_values' is not defined                                no-undef
  355:55  warning  'kin_vis' is not defined                                      no-undef
  370:10  warning  Unnecessary escape character: \ν                              no-useless-escape
  370:28  warning  'kin_vis' is not defined                                      no-undef
  376:9   warning  'MathJax' is not defined                                      no-undef
  379:10  warning  'load_kinematic_viscosity_stoke' is defined but never used    no-unused-vars
  387:10  warning  Unnecessary escape character: \ν                              no-useless-escape
  387:30  warning  Unnecessary escape character: \ν                              no-useless-escape
  387:47  warning  Unnecessary escape character: \×                              no-useless-escape
  393:16  warning  Unnecessary escape character: \ν                              no-useless-escape
  403:9   warning  'MathJax' is not defined                                      no-undef
  406:10  warning  'verify_kinematic_viscosity_stoke' is defined but never used  no-unused-vars
  408:17  warning  'kin_vis_stoke' is not defined                                no-undef
  409:10  warning  'verify_values' is not defined                                no-undef
  409:47  warning  'kin_vis_stoke' is not defined                                no-undef
  424:10  warning  Unnecessary escape character: \ν                              no-useless-escape
  424:43  warning  'kin_vis_stoke' is not defined                                no-undef
  430:9   warning  'MathJax' is not defined                                      no-undef
  433:10  warning  'exp_complete' is defined but never used                      no-unused-vars

/home/runner/work/exp-dynamic-kinematic-viscosity-iitb/exp-dynamic-kinematic-viscosity-iitb/experiment/simulation/js/data.js
   2:5  warning  'dyn_vis' is assigned a value but never used  no-unused-vars
   4:5  warning  'dens' is assigned a value but never used     no-unused-vars
   6:5  warning  'du_0' is defined but never used              no-unused-vars
   8:5  warning  'du_025' is defined but never used            no-unused-vars
  10:5  warning  'vis_nsm2' is defined but never used          no-unused-vars
  12:5  warning  'sh_st0' is defined but never used            no-unused-vars
  14:5  warning  'sh_st025' is defined but never used          no-unused-vars
  16:5  warning  'kin_vis' is defined but never used           no-unused-vars
  18:5  warning  'kin_vis_stoke' is defined but never used     no-unused-vars

/home/runner/work/exp-dynamic-kinematic-viscosity-iitb/exp-dynamic-kinematic-viscosity-iitb/experiment/simulation/js/screen_size.js
  1:10  warning  'set_screen_size' is defined but never used  no-unused-vars

✖ 159 problems (0 errors, 159 warnings)

